Microsoft HTML Help Compiler 4.74.8702

Compiling j:\CampbellD\My Documents\Visual Studio Projects\Custom DLLs\CNPPID\Documentation\ndoc_msdn_temp\Documentation.chm

HHC3000: Warning: Invalid syntax: A <PARAM> tag appears outside of an <OBJECT> tag.
HHC3000: Warning: Invalid syntax: A <PARAM> tag appears outside of an <OBJECT> tag.
HHC3000: Warning: Invalid syntax: A <PARAM> tag appears outside of an <OBJECT> tag.
HHC3000: Warning: Invalid syntax: A <PARAM> tag appears outside of an <OBJECT> tag.
HHC3000: Warning: Invalid syntax: A <PARAM> tag appears outside of an <OBJECT> tag.
HHC3000: Warning: Invalid syntax: A <PARAM> tag appears outside of an <OBJECT> tag.
HHC3000: Warning: Invalid syntax: A <PARAM> tag appears outside of an <OBJECT> tag.
HHC3000: Warning: Invalid syntax: A <PARAM> tag appears outside of an <OBJECT> tag.
HHC3000: Warning: Invalid syntax: A <PARAM> tag appears outside of an <OBJECT> tag.
HHC3000: Warning: Invalid syntax: A <PARAM> tag appears outside of an <OBJECT> tag.
HHC3000: Warning: Invalid syntax: A <PARAM> tag appears outside of an <OBJECT> tag.
HHC3000: Warning: Invalid syntax: A <PARAM> tag appears outside of an <OBJECT> tag.
HHC3000: Warning: Invalid syntax: A <PARAM> tag appears outside of an <OBJECT> tag.
HHC3000: Warning: Invalid syntax: A <PARAM> tag appears outside of an <OBJECT> tag.
HHC3000: Warning: Invalid syntax: A <PARAM> tag appears outside of an <OBJECT> tag.
HHC3000: Warning: Invalid syntax: A <PARAM> tag appears outside of an <OBJECT> tag.
HHC3000: Warning: Invalid syntax: A <PARAM> tag appears outside of an <OBJECT> tag.
HHC3000: Warning: Invalid syntax: A <PARAM> tag appears outside of an <OBJECT> tag.
HHC3000: Warning: Invalid syntax: A <PARAM> tag appears outside of an <OBJECT> tag.
HHC3000: Warning: Invalid syntax: A <PARAM> tag appears outside of an <OBJECT> tag.
HHC3000: Warning: Invalid syntax: A <PARAM> tag appears outside of an <OBJECT> tag.
HHC3000: Warning: Invalid syntax: A <PARAM> tag appears outside of an <OBJECT> tag.
HHC3000: Warning: Invalid syntax: A <PARAM> tag appears outside of an <OBJECT> tag.
HHC3000: Warning: Invalid syntax: A <PARAM> tag appears outside of an <OBJECT> tag.
HHC3000: Warning: Invalid syntax: A <PARAM> tag appears outside of an <OBJECT> tag.
HHC3000: Warning: Invalid syntax: A <PARAM> tag appears outside of an <OBJECT> tag.
HHC3000: Warning: Invalid syntax: A <PARAM> tag appears outside of an <OBJECT> tag.
HHC3000: Warning: Invalid syntax: A <PARAM> tag appears outside of an <OBJECT> tag.
HHC3000: Warning: Invalid syntax: A <PARAM> tag appears outside of an <OBJECT> tag.
HHC3000: Warning: Invalid syntax: A <PARAM> tag appears outside of an <OBJECT> tag.
HHC3000: Warning: Invalid syntax: A <PARAM> tag appears outside of an <OBJECT> tag.
HHC3000: Warning: Invalid syntax: A <PARAM> tag appears outside of an <OBJECT> tag.
HHC3000: Warning: Invalid syntax: A <PARAM> tag appears outside of an <OBJECT> tag.
HHC3000: Warning: Invalid syntax: A <PARAM> tag appears outside of an <OBJECT> tag.
HHC3000: Warning: Invalid syntax: A <PARAM> tag appears outside of an <OBJECT> tag.
HHC3000: Warning: Invalid syntax: A <PARAM> tag appears outside of an <OBJECT> tag.
HHC3000: Warning: Invalid syntax: A <PARAM> tag appears outside of an <OBJECT> tag.
HHC3000: Warning: Invalid syntax: A <PARAM> tag appears outside of an <OBJECT> tag.
HHC3000: Warning: Invalid syntax: A <PARAM> tag appears outside of an <OBJECT> tag.
HHC3000: Warning: Invalid syntax: A <PARAM> tag appears outside of an <OBJECT> tag.
HHC3000: Warning: Invalid syntax: A <PARAM> tag appears outside of an <OBJECT> tag.
HHC3000: Warning: Invalid syntax: A <PARAM> tag appears outside of an <OBJECT> tag.
HHC3000: Warning: Invalid syntax: A <PARAM> tag appears outside of an <OBJECT> tag.
HHC3000: Warning: Invalid syntax: A <PARAM> tag appears outside of an <OBJECT> tag.
HHC3000: Warning: Invalid syntax: A <PARAM> tag appears outside of an <OBJECT> tag.
HHC3000: Warning: Invalid syntax: A <PARAM> tag appears outside of an <OBJECT> tag.
HHC3000: Warning: Invalid syntax: A <PARAM> tag appears outside of an <OBJECT> tag.
HHC3000: Warning: Invalid syntax: A <PARAM> tag appears outside of an <OBJECT> tag.
HHC3000: Warning: Invalid syntax: A <PARAM> tag appears outside of an <OBJECT> tag.
HHC3000: Warning: Invalid syntax: A <PARAM> tag appears outside of an <OBJECT> tag.
HHC3000: Warning: Invalid syntax: A <PARAM> tag appears outside of an <OBJECT> tag.
HHC3000: Warning: Invalid syntax: A <PARAM> tag appears outside of an <OBJECT> tag.
HHC3000: Warning: Invalid syntax: A <PARAM> tag appears outside of an <OBJECT> tag.
HHC3000: Warning: Invalid syntax: A <PARAM> tag appears outside of an <OBJECT> tag.
HHC3000: Warning: Invalid syntax: A <PARAM> tag appears outside of an <OBJECT> tag.
HHC3000: Warning: Invalid syntax: A <PARAM> tag appears outside of an <OBJECT> tag.
HHC3000: Warning: Invalid syntax: A <PARAM> tag appears outside of an <OBJECT> tag.
HHC3000: Warning: Invalid syntax: A <PARAM> tag appears outside of an <OBJECT> tag.
HHC3000: Warning: Invalid syntax: A <PARAM> tag appears outside of an <OBJECT> tag.
HHC3000: Warning: Invalid syntax: A <PARAM> tag appears outside of an <OBJECT> tag.
HHC3000: Warning: Invalid syntax: A <PARAM> tag appears outside of an <OBJECT> tag.
HHC3000: Warning: Invalid syntax: A <PARAM> tag appears outside of an <OBJECT> tag.
HHC3000: Warning: Invalid syntax: A <PARAM> tag appears outside of an <OBJECT> tag.
HHC3000: Warning: Invalid syntax: A <PARAM> tag appears outside of an <OBJECT> tag.
HHC3000: Warning: Invalid syntax: A <PARAM> tag appears outside of an <OBJECT> tag.
HHC3000: Warning: Invalid syntax: A <PARAM> tag appears outside of an <OBJECT> tag.
HHC3000: Warning: Invalid syntax: A <PARAM> tag appears outside of an <OBJECT> tag.
HHC3000: Warning: Invalid syntax: A <PARAM> tag appears outside of an <OBJECT> tag.
HHC3000: Warning: Invalid syntax: A <PARAM> tag appears outside of an <OBJECT> tag.
HHC3000: Warning: Invalid syntax: A <PARAM> tag appears outside of an <OBJECT> tag.
HHC3000: Warning: Invalid syntax: A <PARAM> tag appears outside of an <OBJECT> tag.
HHC3000: Warning: Invalid syntax: A <PARAM> tag appears outside of an <OBJECT> tag.
HHC3000: Warning: Invalid syntax: A <PARAM> tag appears outside of an <OBJECT> tag.
HHC3000: Warning: Invalid syntax: A <PARAM> tag appears outside of an <OBJECT> tag.
HHC3000: Warning: Invalid syntax: A <PARAM> tag appears outside of an <OBJECT> tag.
HHC3000: Warning: Invalid syntax: A <PARAM> tag appears outside of an <OBJECT> tag.
HHC3000: Warning: Invalid syntax: A <PARAM> tag appears outside of an <OBJECT> tag.
HHC3000: Warning: Invalid syntax: A <PARAM> tag appears outside of an <OBJECT> tag.
HHC3000: Warning: Invalid syntax: A <PARAM> tag appears outside of an <OBJECT> tag.
HHC3000: Warning: Invalid syntax: A <PARAM> tag appears outside of an <OBJECT> tag.
HHC3000: Warning: Invalid syntax: A <PARAM> tag appears outside of an <OBJECT> tag.
HHC3000: Warning: Invalid syntax: A <PARAM> tag appears outside of an <OBJECT> tag.
HHC3000: Warning: Invalid syntax: A <PARAM> tag appears outside of an <OBJECT> tag.
HHC3000: Warning: Invalid syntax: A <PARAM> tag appears outside of an <OBJECT> tag.
HHC3000: Warning: Invalid syntax: A <PARAM> tag appears outside of an <OBJECT> tag.
HHC3000: Warning: Invalid syntax: A <PARAM> tag appears outside of an <OBJECT> tag.
HHC3000: Warning: Invalid syntax: A <PARAM> tag appears outside of an <OBJECT> tag.
HHC3000: Warning: Invalid syntax: A <PARAM> tag appears outside of an <OBJECT> tag.
HHC3000: Warning: Invalid syntax: A <PARAM> tag appears outside of an <OBJECT> tag.
HHC3000: Warning: Invalid syntax: A <PARAM> tag appears outside of an <OBJECT> tag.
HHC3000: Warning: Invalid syntax: A <PARAM> tag appears outside of an <OBJECT> tag.
HHC3000: Warning: Invalid syntax: A <PARAM> tag appears outside of an <OBJECT> tag.
HHC3000: Warning: Invalid syntax: A <PARAM> tag appears outside of an <OBJECT> tag.
HHC3000: Warning: Invalid syntax: A <PARAM> tag appears outside of an <OBJECT> tag.
HHC3000: Warning: Invalid syntax: A <PARAM> tag appears outside of an <OBJECT> tag.
HHC3000: Warning: Invalid syntax: A <PARAM> tag appears outside of an <OBJECT> tag.
HHC3000: Warning: Invalid syntax: A <PARAM> tag appears outside of an <OBJECT> tag.
HHC3000: Warning: Invalid syntax: A <PARAM> tag appears outside of an <OBJECT> tag.
HHC3000: Warning: Invalid syntax: A <PARAM> tag appears outside of an <OBJECT> tag.
HHC3000: Warning: Invalid syntax: A <PARAM> tag appears outside of an <OBJECT> tag.
HHC3000: Warning: Invalid syntax: A <PARAM> tag appears outside of an <OBJECT> tag.
HHC3000: Warning: Invalid syntax: A <PARAM> tag appears outside of an <OBJECT> tag.
HHC3000: Warning: Invalid syntax: A <PARAM> tag appears outside of an <OBJECT> tag.
HHC3000: Warning: Invalid syntax: A <PARAM> tag appears outside of an <OBJECT> tag.
HHC3000: Warning: Invalid syntax: A <PARAM> tag appears outside of an <OBJECT> tag.
HHC3000: Warning: Invalid syntax: A <PARAM> tag appears outside of an <OBJECT> tag.
HHC3000: Warning: Invalid syntax: A <PARAM> tag appears outside of an <OBJECT> tag.
HHC3000: Warning: Invalid syntax: A <PARAM> tag appears outside of an <OBJECT> tag.
HHC3000: Warning: Invalid syntax: A <PARAM> tag appears outside of an <OBJECT> tag.
HHC3000: Warning: Invalid syntax: A <PARAM> tag appears outside of an <OBJECT> tag.
HHC3000: Warning: Invalid syntax: A <PARAM> tag appears outside of an <OBJECT> tag.
HHC3000: Warning: Invalid syntax: A <PARAM> tag appears outside of an <OBJECT> tag.
HHC3000: Warning: Invalid syntax: A <PARAM> tag appears outside of an <OBJECT> tag.
HHC3000: Warning: Invalid syntax: A <PARAM> tag appears outside of an <OBJECT> tag.
HHC3000: Warning: Invalid syntax: A <PARAM> tag appears outside of an <OBJECT> tag.
HHC3000: Warning: Invalid syntax: A <PARAM> tag appears outside of an <OBJECT> tag.
HHC3000: Warning: Invalid syntax: A <PARAM> tag appears outside of an <OBJECT> tag.
HHC3000: Warning: Invalid syntax: A <PARAM> tag appears outside of an <OBJECT> tag.
HHC3000: Warning: Invalid syntax: A <PARAM> tag appears outside of an <OBJECT> tag.
HHC3000: Warning: Invalid syntax: A <PARAM> tag appears outside of an <OBJECT> tag.
HHC3000: Warning: Invalid syntax: A <PARAM> tag appears outside of an <OBJECT> tag.
HHC3000: Warning: Invalid syntax: A <PARAM> tag appears outside of an <OBJECT> tag.
HHC3000: Warning: Invalid syntax: A <PARAM> tag appears outside of an <OBJECT> tag.
HHC3000: Warning: Invalid syntax: A <PARAM> tag appears outside of an <OBJECT> tag.
HHC3000: Warning: Invalid syntax: A <PARAM> tag appears outside of an <OBJECT> tag.
HHC3000: Warning: Invalid syntax: A <PARAM> tag appears outside of an <OBJECT> tag.
HHC3000: Warning: Invalid syntax: A <PARAM> tag appears outside of an <OBJECT> tag.
HHC3000: Warning: Invalid syntax: A <PARAM> tag appears outside of an <OBJECT> tag.
HHC3000: Warning: Invalid syntax: A <PARAM> tag appears outside of an <OBJECT> tag.
HHC3000: Warning: Invalid syntax: A <PARAM> tag appears outside of an <OBJECT> tag.
HHC3000: Warning: Invalid syntax: A <PARAM> tag appears outside of an <OBJECT> tag.
HHC3000: Warning: Invalid syntax: A <PARAM> tag appears outside of an <OBJECT> tag.
HHC3000: Warning: Invalid syntax: A <PARAM> tag appears outside of an <OBJECT> tag.
HHC3000: Warning: Invalid syntax: A <PARAM> tag appears outside of an <OBJECT> tag.
HHC3000: Warning: Invalid syntax: A <PARAM> tag appears outside of an <OBJECT> tag.
HHC3000: Warning: Invalid syntax: A <PARAM> tag appears outside of an <OBJECT> tag.
HHC3000: Warning: Invalid syntax: A <PARAM> tag appears outside of an <OBJECT> tag.
HHC3000: Warning: Invalid syntax: A <PARAM> tag appears outside of an <OBJECT> tag.
HHC3000: Warning: Invalid syntax: A <PARAM> tag appears outside of an <OBJECT> tag.
HHC3000: Warning: Invalid syntax: A <PARAM> tag appears outside of an <OBJECT> tag.
HHC3000: Warning: Invalid syntax: A <PARAM> tag appears outside of an <OBJECT> tag.
HHC3000: Warning: Invalid syntax: A <PARAM> tag appears outside of an <OBJECT> tag.
HHC3000: Warning: Invalid syntax: A <PARAM> tag appears outside of an <OBJECT> tag.
HHC3000: Warning: Invalid syntax: A <PARAM> tag appears outside of an <OBJECT> tag.
HHC3000: Warning: Invalid syntax: A <PARAM> tag appears outside of an <OBJECT> tag.
HHC3000: Warning: Invalid syntax: A <PARAM> tag appears outside of an <OBJECT> tag.
HHC3000: Warning: Invalid syntax: A <PARAM> tag appears outside of an <OBJECT> tag.
HHC3000: Warning: Invalid syntax: A <PARAM> tag appears outside of an <OBJECT> tag.
HHC3000: Warning: Invalid syntax: A <PARAM> tag appears outside of an <OBJECT> tag.
HHC3000: Warning: Invalid syntax: A <PARAM> tag appears outside of an <OBJECT> tag.
HHC3000: Warning: Invalid syntax: A <PARAM> tag appears outside of an <OBJECT> tag.
HHC3000: Warning: Invalid syntax: A <PARAM> tag appears outside of an <OBJECT> tag.
HHC3000: Warning: Invalid syntax: A <PARAM> tag appears outside of an <OBJECT> tag.
HHC3000: Warning: Invalid syntax: A <PARAM> tag appears outside of an <OBJECT> tag.
HHC3000: Warning: Invalid syntax: A <PARAM> tag appears outside of an <OBJECT> tag.
HHC3000: Warning: Invalid syntax: A <PARAM> tag appears outside of an <OBJECT> tag.
HHC3000: Warning: Invalid syntax: A <PARAM> tag appears outside of an <OBJECT> tag.
HHC3000: Warning: Invalid syntax: A <PARAM> tag appears outside of an <OBJECT> tag.
HHC3000: Warning: Invalid syntax: A <PARAM> tag appears outside of an <OBJECT> tag.
HHC3000: Warning: Invalid syntax: A <PARAM> tag appears outside of an <OBJECT> tag.
HHC3000: Warning: Invalid syntax: A <PARAM> tag appears outside of an <OBJECT> tag.
HHC3000: Warning: Invalid syntax: A <PARAM> tag appears outside of an <OBJECT> tag.
HHC3000: Warning: Invalid syntax: A <PARAM> tag appears outside of an <OBJECT> tag.
HHC3000: Warning: Invalid syntax: A <PARAM> tag appears outside of an <OBJECT> tag.
HHC3000: Warning: Invalid syntax: A <PARAM> tag appears outside of an <OBJECT> tag.
HHC3000: Warning: Invalid syntax: A <PARAM> tag appears outside of an <OBJECT> tag.
HHC3000: Warning: Invalid syntax: A <PARAM> tag appears outside of an <OBJECT> tag.
HHC3000: Warning: Invalid syntax: A <PARAM> tag appears outside of an <OBJECT> tag.
HHC3000: Warning: Invalid syntax: A <PARAM> tag appears outside of an <OBJECT> tag.
HHC3000: Warning: Invalid syntax: A <PARAM> tag appears outside of an <OBJECT> tag.
HHC3000: Warning: Invalid syntax: A <PARAM> tag appears outside of an <OBJECT> tag.
HHC3000: Warning: Invalid syntax: A <PARAM> tag appears outside of an <OBJECT> tag.
HHC3000: Warning: Invalid syntax: A <PARAM> tag appears outside of an <OBJECT> tag.
HHC3000: Warning: Invalid syntax: A <PARAM> tag appears outside of an <OBJECT> tag.
HHC3000: Warning: Invalid syntax: A <PARAM> tag appears outside of an <OBJECT> tag.
HHC3000: Warning: Invalid syntax: A <PARAM> tag appears outside of an <OBJECT> tag.
HHC3000: Warning: Invalid syntax: A <PARAM> tag appears outside of an <OBJECT> tag.
HHC3000: Warning: Invalid syntax: A <PARAM> tag appears outside of an <OBJECT> tag.
HHC3000: Warning: Invalid syntax: A <PARAM> tag appears outside of an <OBJECT> tag.
HHC3000: Warning: Invalid syntax: A <PARAM> tag appears outside of an <OBJECT> tag.
HHC3000: Warning: Invalid syntax: A <PARAM> tag appears outside of an <OBJECT> tag.
HHC3000: Warning: Invalid syntax: A <PARAM> tag appears outside of an <OBJECT> tag.
HHC3000: Warning: Invalid syntax: A <PARAM> tag appears outside of an <OBJECT> tag.
HHC3000: Warning: Invalid syntax: A <PARAM> tag appears outside of an <OBJECT> tag.
HHC3000: Warning: Invalid syntax: A <PARAM> tag appears outside of an <OBJECT> tag.
HHC3000: Warning: Invalid syntax: A <PARAM> tag appears outside of an <OBJECT> tag.
HHC3000: Warning: Invalid syntax: A <PARAM> tag appears outside of an <OBJECT> tag.
HHC3000: Warning: Invalid syntax: A <PARAM> tag appears outside of an <OBJECT> tag.
HHC3000: Warning: Invalid syntax: A <PARAM> tag appears outside of an <OBJECT> tag.
HHC3000: Warning: Invalid syntax: A <PARAM> tag appears outside of an <OBJECT> tag.
HHC3000: Warning: Invalid syntax: A <PARAM> tag appears outside of an <OBJECT> tag.
HHC3000: Warning: Invalid syntax: A <PARAM> tag appears outside of an <OBJECT> tag.
HHC3000: Warning: Invalid syntax: A <PARAM> tag appears outside of an <OBJECT> tag.
HHC3000: Warning: Invalid syntax: A <PARAM> tag appears outside of an <OBJECT> tag.
HHC3000: Warning: Invalid syntax: A <PARAM> tag appears outside of an <OBJECT> tag.
HHC3000: Warning: Invalid syntax: A <PARAM> tag appears outside of an <OBJECT> tag.
HHC3000: Warning: Invalid syntax: A <PARAM> tag appears outside of an <OBJECT> tag.
HHC3000: Warning: Invalid syntax: A <PARAM> tag appears outside of an <OBJECT> tag.
HHC3000: Warning: Invalid syntax: A <PARAM> tag appears outside of an <OBJECT> tag.
HHC3000: Warning: Invalid syntax: A <PARAM> tag appears outside of an <OBJECT> tag.
HHC3000: Warning: Invalid syntax: A <PARAM> tag appears outside of an <OBJECT> tag.
HHC3000: Warning: Invalid syntax: A <PARAM> tag appears outside of an <OBJECT> tag.

Compile time: 0 minutes, 7 seconds
505	Topics
1,554	Local links
0	Internet links
6	Graphics


Created j:\CampbellD\My Documents\Visual Studio Projects\Custom DLLs\CNPPID\Documentation\ndoc_msdn_temp\Documentation.chm, 141,361 bytes
Compression decreased file by 766,220 bytes.
